2026-04-04T12:51:50.434679Z  INFO kaspa_rust_bot: [INIT] Server Node02 - Secure Modular Rust Engine Started on testnet-12.
2026-04-04T12:51:50.435290Z  INFO kaspa_rust_bot: [DATA] Wallets loaded: 1
2026-04-04T12:52:14.327428Z  INFO kaspa_rust_bot::commands: [CMD IN] User: 1725327216 | Msg: /start
2026-04-04T12:52:14.327620Z  INFO kaspa_rust_bot::utils: [BOT OUT] Chat: 1725327216 | Msg: 🤖 <b>Kaspa Command Center</b> | ━━━━━━━━━━━━━━━━━━ | <b>Node02:</b> Online 🟢 | <b>Tracking:</b> Active 🛡️ |  | <b>Choose an option:</b>
2026-04-04T12:52:28.716651Z  INFO kaspa_rust_bot::commands: [CMD IN] User: 1725327216 | Msg: /add kaspa:qq2avyvncscg5dtsk8u4uwjhlr3799dhaqj8k9y6q5y9hpwfxjy6u00pep7vg
2026-04-04T12:52:28.717681Z  INFO kaspa_rust_bot::state: [SYSTEM] State saved persistently to wallets.json
2026-04-04T12:52:28.717769Z  INFO kaspa_rust_bot::utils: [BOT OUT] Chat: 1725327216 | Msg: ✅ <b>Tracking Enabled:</b> | <code>kaspa:qq2avyvncscg5dtsk8u4uwjhlr3799dhaqj8k9y6q5y9hpwfxjy6u00pep7vg</code>
2026-04-04T12:52:30.641841Z  INFO kaspa_rust_bot::commands: [CMD IN] User: 1725327216 | Msg: /balance
2026-04-04T12:52:30.643036Z  INFO kaspa_rust_bot::utils: [BOT OUT] Chat: 1725327216 | Msg: 🏦 <b>Live Balances:</b> | 💳 <code>kaspa:qq2avy...pep7vg</code> | ⚖️ <b>6,407 KAS</b> |  | ━━━━━━━━━━━━━━ | 💵 <b>Total Holdings:</b> <code>6,407 KAS</code>
2026-04-04T12:52:32.108104Z  INFO kaspa_rust_bot::commands: [CMD IN] User: 1725327216 | Msg: /network
2026-04-04T12:52:32.108537Z  INFO kaspa_rust_bot::utils: [BOT OUT] Chat: 1725327216 | Msg: 🌐 <b>Network Stats:</b> | 🧩 <b>Network:</b> <code>mainnet</code> | ⚙️ <b>Difficulty:</b> <code>20,745,617,851,926,116</code> | 📊 <b>DAA Score:</b> <code>398,875,901</code>
2026-04-04T12:52:33.079316Z  INFO kaspa_rust_bot::commands: [CMD IN] User: 1725327216 | Msg: /fees
2026-04-04T12:52:34.467302Z  INFO kaspa_rust_bot::utils: [BOT OUT] Chat: 1725327216 | Msg: ⛽ <b>Fee Estimate:</b> <code>1.00 sompi/gram</code>
2026-04-04T12:52:34.759332Z  INFO kaspa_rust_bot::commands: [CMD IN] User: 1725327216 | Msg: /supply
2026-04-04T12:52:35.379362Z  INFO kaspa_rust_bot::utils: [BOT OUT] Chat: 1725327216 | Msg: 🪙 <b>Supply:</b> <code>27,336,291,894 KAS</code>
2026-04-04T12:52:35.624863Z  INFO kaspa_rust_bot::commands: [CMD IN] User: 1725327216 | Msg: /price
2026-04-04T12:52:36.307126Z  INFO kaspa_rust_bot::utils: [BOT OUT] Chat: 1725327216 | Msg: 💵 <b>Price:</b> <code>$0.0313 USD</code>
2026-04-04T12:52:36.442911Z  INFO kaspa_rust_bot::commands: [CMD IN] User: 1725327216 | Msg: /market
2026-04-04T12:52:36.927321Z  INFO kaspa_rust_bot::utils: [BOT OUT] Chat: 1725327216 | Msg: 📈 <b>Market Cap:</b> <code>$855,555,955 USD</code>
2026-04-04T12:52:37.089423Z  INFO kaspa_rust_bot::commands: [CMD IN] User: 1725327216 | Msg: /dag
2026-04-04T12:52:37.089819Z  INFO kaspa_rust_bot::utils: [BOT OUT] Chat: 1725327216 | Msg: 🧱 <b>BlockDAG Details:</b> | 🧱 <b>Blocks:</b> <code>1,304,138</code> | 📑 <b>Headers:</b> <code>1,304,138</code>
2026-04-04T12:52:37.544390Z  INFO kaspa_rust_bot::commands: [CMD IN] User: 1725327216 | Msg: /list
2026-04-04T12:52:37.544529Z  INFO kaspa_rust_bot::utils: [BOT OUT] Chat: 1725327216 | Msg: 📁 <b>Portfolio:</b> | <code>kaspa:qq2avyvncscg5dtsk8u4uwjhlr3799dhaqj8k9y6q5y9hpwfxjy6u00pep7vg</code>
2026-04-04T12:52:41.166577Z  INFO kaspa_rust_bot::commands: [CMD IN] User: 1725327216 | Msg: /sys
2026-04-04T12:52:41.813120Z  INFO kaspa_rust_bot::utils: [BOT OUT] Chat: 1725327216 | Msg: ⚙️ <b>Server Node02:</b> | 🧠 <b>RAM Used:</b> <code>22751 MB</code> | 🧠 <b>RAM Total:</b> <code>32085 MB</code> | 👀 <b>Monitor:</b> <code>true</code>
2026-04-04T12:52:44.714687Z  INFO kaspa_rust_bot::commands: [CMD IN] User: 1725327216 | Msg: /logs
2026-04-04T12:52:44.723577Z  INFO kaspa_rust_bot::utils: [BOT OUT] Chat: 1725327216 | Msg: 📜 <b>System Logs:</b> | <pre>2026-04-04T12:52:28.717769Z  INFO kaspa_rust_bot::utils: [BOT OUT] Chat: 1725327216 | Msg: ✅ <b>Tracking Enabled:</b> | <code>kaspa:qq2avyvncscg5dtsk8u4uwjhlr3799dhaqj8k9y6q5y9hpwfxjy6u00pep7vg</code> | 2026-04-04T12:52:30.641841Z  INFO kaspa_rust_bot::commands: [CMD IN] User: 1725327216 | Msg: /balance | 2026-04-04T12:52:30.643036Z  INFO kaspa_rust_bot::utils: [BOT OUT] Chat: 1725327216 | Msg: 🏦 <b>Live Balances:</b> | 💳 <code>kaspa:qq2avy...pep7vg</code> | ⚖️ <b>6,407 KAS</b> |  | ━━━━━━━━━━━━━━ | 💵 <b>Total Holdings:</b> <code>6,407 KAS</code> | 2026-04-04T12:52:32.108104Z  INFO kaspa_rust_bot::commands: [CMD IN] User: 1725327216 | Msg: /network | 2026-04-04T12:52:32.108537Z  INFO kaspa_rust_bot::utils: [BOT OUT] Chat: 1725327216 | Msg: 🌐 <b>Network Stats:</b> | 🧩 <b>Network:</b> <code>mainnet</code> | ⚙️ <b>Difficulty:</b> <code>20,745,617,851,926,116</code> | 📊 <b>DAA Score:</b> <code>398,875,901</code> | 2026-04-04T12:52:33.079316Z  INFO kaspa_rust_bot::commands: [CMD IN] User: 1725327216 | Msg: /fees | 2026-04-04T12:52:34.467302Z  INFO kaspa_rust_bot::utils: [BOT OUT] Chat: 1725327216 | Msg: ⛽ <b>Fee Estimate:</b> <code>1.00 sompi/gram</code> | 2026-04-04T12:52:34.759332Z  INFO kaspa_rust_bot::commands: [CMD IN] User: 1725327216 | Msg: /supply | 2026-04-04T12:52:35.379362Z  INFO kaspa_rust_bot::utils: [BOT OUT] Chat: 1725327216 | Msg: 🪙 <b>Supply:</b> <code>27,336,291,894 KAS</code> | 2026-04-04T12:52:35.624863Z  INFO kaspa_rust_bot::commands: [CMD IN] User: 1725327216 | Msg: /price | 2026-04-04T12:52:36.307126Z  INFO kaspa_rust_bot::utils: [BOT OUT] Chat: 1725327216 | Msg: 💵 <b>Price:</b> <code>$0.0313 USD</code> | 2026-04-04T12:52:36.442911Z  INFO kaspa_rust_bot::commands: [CMD IN] User: 1725327216 | Msg: /market | 2026-04-04T12:52:36.927321Z  INFO kaspa_rust_bot::utils: [BOT OUT] Chat: 1725327216 | Msg: 📈 <b>Market Cap:</b> <code>$855,555,955 USD</code> | 2026-04-04T12:52:37.089423Z  INFO kaspa_rust_bot::commands: [CMD IN] User: 1725327216 | Msg: /dag | 2026-04-04T12:52:37.089819Z  INFO kaspa_rust_bot::utils: [BOT OUT] Chat: 1725327216 | Msg: 🧱 <b>BlockDAG Details:</b> | 🧱 <b>Blocks:</b> <code>1,304,138</code> | 📑 <b>Headers:</b> <code>1,304,138</code> | 2026-04-04T12:52:37.544390Z  INFO kaspa_rust_bot::commands: [CMD IN] User: 1725327216 | Msg: /list | 2026-04-04T12:52:37.544529Z  INFO kaspa_rust_bot::utils: [BOT OUT] Chat: 1725327216 | Msg: 📁 <b>Portfolio:</b> | <code>kaspa:qq2avyvncscg5dtsk8u4uwjhlr3799dhaqj8k9y6q5y9hpwfxjy6u00pep7vg</code> | 2026-04-04T12:52:41.166577Z  INFO kaspa_rust_bot::commands: [CMD IN] User: 1725327216 | Msg: /sys | 2026-04-04T12:52:41.813120Z  INFO kaspa_rust_bot::utils: [BOT OUT] Chat: 1725327216 | Msg: ⚙️ <b>Server Node02:</b> | 🧠 <b>RAM Used:</b> <code>22751 MB</code> | 🧠 <b>RAM Total:</b> <code>32085 MB</code> | 👀 <b>Monitor:</b> <code>true</code> | 2026-04-04T12:52:44.714687Z  INFO kaspa_rust_bot::commands: [CMD IN] User: 1725327216 | Msg: /logs</pre>
2026-04-04T12:57:59.513727Z  INFO kaspa_rust_bot: [SYSTEM] Shutdown signal received. Saving state...
2026-04-04T12:57:59.513720Z  INFO teloxide::dispatching::dispatcher: ^C received, trying to shutdown the dispatcher...
2026-04-04T12:57:59.513939Z  INFO teloxide::utils::shutdown_token: Trying to shutdown the dispatcher...
2026-04-04T12:57:59.514445Z  INFO kaspa_rust_bot::state: [SYSTEM] State saved persistently to wallets.json
2026-04-04T12:57:59.514512Z  INFO kaspa_rust_bot: [SYSTEM] Exiting safely.
2026-04-04T12:59:40.284245Z  INFO kaspa_rust_bot: [INIT] Server Node02 - Secure Modular Rust Engine Started on testnet-12.
2026-04-04T12:59:40.284616Z  INFO kaspa_rust_bot: [DATA] Wallets loaded: 1
2026-04-04T13:00:25.403628Z  INFO kaspa_rust_bot: ================ BLOCK DISCOVERED ================
2026-04-04T13:00:25.403806Z  INFO kaspa_rust_bot: Wallet      : kaspa:qq2avyvncscg5dtsk8u4uwjhlr3799dhaqj8k9y6q5y9hpwfxjy6u00pep7vg
2026-04-04T13:00:25.403922Z  INFO kaspa_rust_bot: Amount      : +3.08677064 KAS
2026-04-04T13:00:25.404064Z  INFO kaspa_rust_bot: Live Balance: 6419.39384677 KAS
2026-04-04T13:00:25.404148Z  INFO kaspa_rust_bot: TXID        : 0c5f062c26ee05fa7a2b9b97b2e5ea858e7b1dd48d0df4e49f0f085670a8c51b
2026-04-04T13:00:25.404228Z  INFO kaspa_rust_bot: DAA Score   : 398880546
2026-04-04T13:00:25.404311Z  INFO kaspa_rust_bot: ==================================================
2026-04-04T13:00:37.786009Z  INFO kaspa_rust_bot: [API] Starting block data resolution for TXID: 0c5f062c26ee05fa7a2b9b97b2e5ea858e7b1dd48d0df4e49f0f085670a8c51b
2026-04-04T13:00:37.786207Z  INFO kaspa_rust_bot: [API] Attempt 1/6 for TXID: 0c5f062c26ee05fa7a2b9b97b2e5ea858e7b1dd48d0df4e49f0f085670a8c51b
2026-04-04T13:00:38.694704Z  INFO kaspa_rust_bot: [API] Successfully resolved blocks on attempt 1
2026-04-04T13:00:38.694896Z  INFO kaspa_rust_bot: --- RESOLVED BLOCK HASHES ---
2026-04-04T13:00:38.694990Z  INFO kaspa_rust_bot: TXID            : 0c5f062c26ee05fa7a2b9b97b2e5ea858e7b1dd48d0df4e49f0f085670a8c51b
2026-04-04T13:00:38.695073Z  INFO kaspa_rust_bot: Mined Block     : f14b9ce22b558d02c3118e9cbd00acf91e56bbb817ca329b5d78116f694d7f14
2026-04-04T13:00:38.695179Z  INFO kaspa_rust_bot: TX Block        : 1b5bbdf1737cad005469832b4ae0bd760b7cd060fc430107888fb82ec9d020d1
2026-04-04T13:00:38.695252Z  INFO kaspa_rust_bot: Accepting Block : 6c41fdfc1e3c3925d633c340b7de025239c8d5ae868ff21597d6421446a40715
2026-04-04T13:00:38.695316Z  INFO kaspa_rust_bot: -----------------------------
2026-04-04T13:02:36.122634Z  INFO kaspa_rust_bot: ================ BLOCK DISCOVERED ================
2026-04-04T13:02:36.122787Z  INFO kaspa_rust_bot: Wallet      : kaspa:qq2avyvncscg5dtsk8u4uwjhlr3799dhaqj8k9y6q5y9hpwfxjy6u00pep7vg
2026-04-04T13:02:36.122876Z  INFO kaspa_rust_bot: Amount      : +3.08677064 KAS
2026-04-04T13:02:36.122952Z  INFO kaspa_rust_bot: Live Balance: 6422.48061741 KAS
2026-04-04T13:02:36.123030Z  INFO kaspa_rust_bot: TXID        : c07572a44cd65c1aeb2029078e0541269d3a78067549d5a22b1352d8e2c8ae16
2026-04-04T13:02:36.123095Z  INFO kaspa_rust_bot: DAA Score   : 398881818
2026-04-04T13:02:36.123182Z  INFO kaspa_rust_bot: ==================================================
2026-04-04T13:02:48.953453Z  INFO kaspa_rust_bot: [API] Starting block data resolution for TXID: c07572a44cd65c1aeb2029078e0541269d3a78067549d5a22b1352d8e2c8ae16
2026-04-04T13:02:48.953642Z  INFO kaspa_rust_bot: [API] Attempt 1/6 for TXID: c07572a44cd65c1aeb2029078e0541269d3a78067549d5a22b1352d8e2c8ae16
2026-04-04T13:02:49.664377Z  INFO kaspa_rust_bot: [API] Successfully resolved blocks on attempt 1
2026-04-04T13:02:49.664505Z  INFO kaspa_rust_bot: --- RESOLVED BLOCK HASHES ---
2026-04-04T13:02:49.664623Z  INFO kaspa_rust_bot: TXID            : c07572a44cd65c1aeb2029078e0541269d3a78067549d5a22b1352d8e2c8ae16
2026-04-04T13:02:49.664716Z  INFO kaspa_rust_bot: Mined Block     : e533fc91b5d5dac8c07329218e28b4086f7391510f3e3c60458660f1f77996d0
2026-04-04T13:02:49.664784Z  INFO kaspa_rust_bot: TX Block        : 523fc21aa38c5006b13dc5c33291b8ea5d3da9d86df46553ddca70c4deb84236
2026-04-04T13:02:49.664845Z  INFO kaspa_rust_bot: Accepting Block : e58e4372cbbe2cd6d0ae4adf0199731ca2db7e1dfbed3e0ea6b6170e0bcd7530
2026-04-04T13:02:49.664919Z  INFO kaspa_rust_bot: -----------------------------
2026-04-04T13:04:11.606701Z  INFO teloxide::dispatching::dispatcher: ^C received, trying to shutdown the dispatcher...
2026-04-04T13:04:11.606712Z  INFO kaspa_rust_bot: [SYSTEM] Shutdown signal received. Saving state...
2026-04-04T13:04:11.606810Z  INFO teloxide::utils::shutdown_token: Trying to shutdown the dispatcher...
2026-04-04T13:04:11.608659Z  INFO kaspa_rust_bot::state: [SYSTEM] State saved persistently to wallets.json
2026-04-04T13:04:11.608731Z  INFO kaspa_rust_bot: [SYSTEM] Exiting safely.
2026-04-04T13:04:49.859066Z  INFO kaspa_rust_bot: [INIT] Secure Modular Rust Engine Started.
2026-04-04T13:04:49.859415Z  INFO kaspa_rust_bot: [DATA] Wallets loaded: 1
2026-04-04T13:04:56.086965Z  INFO kaspa_rust_bot::commands: [CMD IN] User: 1725327216 | Msg: /start
2026-04-04T13:04:56.087128Z  INFO kaspa_rust_bot::utils: [BOT OUT] Chat: 1725327216 | Msg: 🤖 <b>Kaspa Platinum Command Center</b> | ━━━━━━━━━━━━━━━━━━ | Welcome! This system provides secure, real-time Kaspa wallet monitoring directly via a private node. |  | 📌 <b>Public Commands:</b> | <code>/add &lt;address&gt;</code> - Track a wallet | <code>/remove &lt;address&gt;</code> - Stop tracking | <code>/list</code> - View your portfolio | <code>/balance</code> - Check live balances | <code>/network</code> - Network statistics | <code>/fees</code> - Live mempool fees | <code>/price</code> - Current KAS price | <code>/supply</code> - Circulating supply | <code>/market</code> - Market capitalization | <code>/dag</code> - BlockDAG details |  | 👑 <b>Admin Commands:</b> | <code>/sys</code> - Server Diagnostics | <code>/pause</code> - Disconnect Engine | <code>/resume</code> - Reconnect Engine | <code>/restart</code> - Reboot Process | <code>/broadcast &lt;msg&gt;</code> - Message all users | <code>/logs</code> - View System Logs
2026-04-04T13:05:36.279676Z  INFO kaspa_rust_bot::commands: [CMD IN] User: 1725327216 | Msg: /list
2026-04-04T13:05:36.279867Z  INFO kaspa_rust_bot::utils: [BOT OUT] Chat: 1725327216 | Msg: 📁 <b>Portfolio:</b> | <code>kaspa:qq2avyvncscg5dtsk8u4uwjhlr3799dhaqj8k9y6q5y9hpwfxjy6u00pep7vg</code>
2026-04-04T13:05:42.598579Z  INFO kaspa_rust_bot::commands: [CMD IN] User: 1725327216 | Msg: /balance
2026-04-04T13:05:42.600980Z  INFO kaspa_rust_bot::utils: [BOT OUT] Chat: 1725327216 | Msg: 🏦 <b>Live Balances:</b> | 💳 <code>kaspa:qq2avy...pep7vg</code> | ⚖️ <b>6,422 KAS</b> |  | ━━━━━━━━━━━━━━ | 💵 <b>Total Holdings:</b> <code>6,422 KAS</code>
2026-04-04T13:05:44.894926Z  INFO kaspa_rust_bot::commands: [CMD IN] User: 1725327216 | Msg: /network
2026-04-04T13:05:44.895415Z  INFO kaspa_rust_bot::utils: [BOT OUT] Chat: 1725327216 | Msg: 🌐 <b>Network Stats:</b> | 🧩 <b>Network:</b> <code>mainnet</code> | ⚙️ <b>Difficulty:</b> <code>20,770,071,264,006,812</code> | 📊 <b>DAA Score:</b> <code>398,883,798</code>
2026-04-04T13:05:48.073784Z  INFO kaspa_rust_bot::commands: [CMD IN] User: 1725327216 | Msg: /fees
2026-04-04T13:05:50.012911Z  INFO kaspa_rust_bot::utils: [BOT OUT] Chat: 1725327216 | Msg: ⛽ <b>Fee Estimate:</b> <code>1.00 sompi/gram</code>
2026-04-04T13:06:07.190214Z  INFO kaspa_rust_bot::commands: [CMD IN] User: 1725327216 | Msg: /supply
2026-04-04T13:06:07.810138Z  INFO kaspa_rust_bot::utils: [BOT OUT] Chat: 1725327216 | Msg: 🪙 <b>Supply:</b> <code>27,336,316,934 KAS</code>
2026-04-04T13:06:09.472646Z  INFO kaspa_rust_bot::commands: [CMD IN] User: 1725327216 | Msg: /price
2026-04-04T13:06:10.050079Z  INFO kaspa_rust_bot::utils: [BOT OUT] Chat: 1725327216 | Msg: 💵 <b>Price:</b> <code>$0.0314 USD</code>
2026-04-04T13:06:11.373737Z  INFO kaspa_rust_bot::commands: [CMD IN] User: 1725327216 | Msg: /market
2026-04-04T13:06:12.657708Z  INFO kaspa_rust_bot::utils: [BOT OUT] Chat: 1725327216 | Msg: 📈 <b>Market Cap:</b> <code>$857,272,644 USD</code>
2026-04-04T13:06:14.389794Z  INFO kaspa_rust_bot::commands: [CMD IN] User: 1725327216 | Msg: /dag
2026-04-04T13:06:14.390345Z  INFO kaspa_rust_bot::utils: [BOT OUT] Chat: 1725327216 | Msg: 🧱 <b>BlockDAG Details:</b> | 🧱 <b>Blocks:</b> <code>1,312,303</code> | 📑 <b>Headers:</b> <code>1,312,303</code>
2026-04-04T13:06:15.968985Z  INFO kaspa_rust_bot::commands: [CMD IN] User: 1725327216 | Msg: /list
2026-04-04T13:06:15.969237Z  INFO kaspa_rust_bot::utils: [BOT OUT] Chat: 1725327216 | Msg: 📁 <b>Portfolio:</b> | <code>kaspa:qq2avyvncscg5dtsk8u4uwjhlr3799dhaqj8k9y6q5y9hpwfxjy6u00pep7vg</code>
2026-04-04T13:06:20.235470Z  INFO kaspa_rust_bot::commands: [CMD IN] User: 1725327216 | Msg: /sys
2026-04-04T13:06:20.512175Z  INFO kaspa_rust_bot::utils: [BOT OUT] Chat: 1725327216 | Msg: ⚙️ <b>Server Node Diagnostics:</b> | 🧠 <b>RAM Used:</b> <code>23055 MB</code> | 🧠 <b>RAM Total:</b> <code>32085 MB</code> | 👀 <b>Monitor:</b> <code>true</code>
2026-04-04T13:07:45.311111Z  INFO kaspa_rust_bot: ================ BLOCK DISCOVERED ================
2026-04-04T13:07:45.311239Z  INFO kaspa_rust_bot: Wallet      : kaspa:qq2avyvncscg5dtsk8u4uwjhlr3799dhaqj8k9y6q5y9hpwfxjy6u00pep7vg
2026-04-04T13:07:45.311315Z  INFO kaspa_rust_bot: Amount      : +3.08677064 KAS
2026-04-04T13:07:45.311371Z  INFO kaspa_rust_bot: Live Balance: 6425.56738805 KAS
2026-04-04T13:07:45.311441Z  INFO kaspa_rust_bot: TXID        : 95f6c5d205d2b12ec0ac8ff2b4a40be8bdb682922921586804d796cd6b027c28
2026-04-04T13:07:45.311511Z  INFO kaspa_rust_bot: DAA Score   : 398884916
2026-04-04T13:07:45.311596Z  INFO kaspa_rust_bot: ==================================================
2026-04-04T13:07:57.504219Z  INFO kaspa_rust_bot: [API] Starting block data resolution for TXID: 95f6c5d205d2b12ec0ac8ff2b4a40be8bdb682922921586804d796cd6b027c28
2026-04-04T13:07:57.504396Z  INFO kaspa_rust_bot: [API] Attempt 1/6 for TXID: 95f6c5d205d2b12ec0ac8ff2b4a40be8bdb682922921586804d796cd6b027c28
2026-04-04T13:07:58.135271Z  INFO kaspa_rust_bot: [API] Successfully resolved blocks on attempt 1
2026-04-04T13:07:58.135390Z  INFO kaspa_rust_bot: --- RESOLVED BLOCK HASHES ---
2026-04-04T13:07:58.135479Z  INFO kaspa_rust_bot: TXID            : 95f6c5d205d2b12ec0ac8ff2b4a40be8bdb682922921586804d796cd6b027c28
2026-04-04T13:07:58.135554Z  INFO kaspa_rust_bot: Mined Block     : 8aec3ce23584434141a0ca86279f63cc7bba18b8bb5f01035146797391a5e1da
2026-04-04T13:07:58.135618Z  INFO kaspa_rust_bot: TX Block        : c51d70f934619e7ceeb9f8395acce3b6a09459d0011da2cb86bcfe2c31059f5b
2026-04-04T13:07:58.135698Z  INFO kaspa_rust_bot: Accepting Block : ce22c7db1271aee0ddc9140cc292c5645fd028afe798718f20db579a32c6a215
2026-04-04T13:07:58.135755Z  INFO kaspa_rust_bot: -----------------------------
2026-04-04T13:08:25.584265Z  INFO kaspa_rust_bot: ================ BLOCK DISCOVERED ================
2026-04-04T13:08:25.584398Z  INFO kaspa_rust_bot: Wallet      : kaspa:qq2avyvncscg5dtsk8u4uwjhlr3799dhaqj8k9y6q5y9hpwfxjy6u00pep7vg
2026-04-04T13:08:25.584525Z  INFO kaspa_rust_bot: Amount      : +3.08677064 KAS
2026-04-04T13:08:25.584601Z  INFO kaspa_rust_bot: Live Balance: 6428.65415869 KAS
2026-04-04T13:08:25.584682Z  INFO kaspa_rust_bot: TXID        : 8c29d6d4248a66c345432eb58ca7e272f9c67bba5768f7d97edb329051d69b01
2026-04-04T13:08:25.584739Z  INFO kaspa_rust_bot: DAA Score   : 398885286
2026-04-04T13:08:25.584851Z  INFO kaspa_rust_bot: ==================================================
2026-04-04T13:08:37.745343Z  INFO kaspa_rust_bot: [API] Starting block data resolution for TXID: 8c29d6d4248a66c345432eb58ca7e272f9c67bba5768f7d97edb329051d69b01
2026-04-04T13:08:37.745477Z  INFO kaspa_rust_bot: [API] Attempt 1/6 for TXID: 8c29d6d4248a66c345432eb58ca7e272f9c67bba5768f7d97edb329051d69b01
2026-04-04T13:08:38.391754Z  INFO kaspa_rust_bot: [API] Successfully resolved blocks on attempt 1
2026-04-04T13:08:38.391872Z  INFO kaspa_rust_bot: --- RESOLVED BLOCK HASHES ---
2026-04-04T13:08:38.391957Z  INFO kaspa_rust_bot: TXID            : 8c29d6d4248a66c345432eb58ca7e272f9c67bba5768f7d97edb329051d69b01
2026-04-04T13:08:38.392035Z  INFO kaspa_rust_bot: Mined Block     : eb7ec5f8464165f3c7d03c6298aed006189bd8f5d0269aba4f79858418a4f1ef
2026-04-04T13:08:38.392099Z  INFO kaspa_rust_bot: TX Block        : 8ea57067a5e2656fa1f3344764242226df1d6146497d791154bd2e4321c929ff
2026-04-04T13:08:38.392177Z  INFO kaspa_rust_bot: Accepting Block : c0a5b03a11b82e5e6922d585a6e78187ea417a4b506c9dd7035986297c36f813
2026-04-04T13:08:38.392232Z  INFO kaspa_rust_bot: -----------------------------
2026-04-04T13:09:25.889568Z  INFO kaspa_rust_bot: ================ BLOCK DISCOVERED ================
2026-04-04T13:09:25.889693Z  INFO kaspa_rust_bot: Wallet      : kaspa:qq2avyvncscg5dtsk8u4uwjhlr3799dhaqj8k9y6q5y9hpwfxjy6u00pep7vg
2026-04-04T13:09:25.889801Z  INFO kaspa_rust_bot: Amount      : +3.08677064 KAS
2026-04-04T13:09:25.889876Z  INFO kaspa_rust_bot: Live Balance: 6431.74092933 KAS
2026-04-04T13:09:25.889938Z  INFO kaspa_rust_bot: TXID        : a1b73f30e1e796b4d2101f21e0a2b19ccd134072106a0ed53f077b6a1f8247c2
2026-04-04T13:09:25.890026Z  INFO kaspa_rust_bot: DAA Score   : 398885882
2026-04-04T13:09:25.890083Z  INFO kaspa_rust_bot: ==================================================
2026-04-04T13:09:38.050768Z  INFO kaspa_rust_bot: [API] Starting block data resolution for TXID: a1b73f30e1e796b4d2101f21e0a2b19ccd134072106a0ed53f077b6a1f8247c2
2026-04-04T13:09:38.050933Z  INFO kaspa_rust_bot: [API] Attempt 1/6 for TXID: a1b73f30e1e796b4d2101f21e0a2b19ccd134072106a0ed53f077b6a1f8247c2
2026-04-04T13:09:38.655568Z  INFO kaspa_rust_bot: [API] Successfully resolved blocks on attempt 1
2026-04-04T13:09:38.655678Z  INFO kaspa_rust_bot: --- RESOLVED BLOCK HASHES ---
2026-04-04T13:09:38.655752Z  INFO kaspa_rust_bot: TXID            : a1b73f30e1e796b4d2101f21e0a2b19ccd134072106a0ed53f077b6a1f8247c2
2026-04-04T13:09:38.655801Z  INFO kaspa_rust_bot: Mined Block     : 5efa63699eae25e5fc74aad11b709901b54630f6245c1f1dabca9564a6e2a5a7
2026-04-04T13:09:38.655847Z  INFO kaspa_rust_bot: TX Block        : e353765a4e6ea56cae21ec455821839cffda8a5d5399c9ef33d46d19847ec81c
2026-04-04T13:09:38.655904Z  INFO kaspa_rust_bot: Accepting Block : 7dfce26c720acc65e84b9ec31966956b3d897f807010b000cb2f42f43b58f993
2026-04-04T13:09:38.655974Z  INFO kaspa_rust_bot: -----------------------------
2026-04-04T13:14:36.868886Z  INFO kaspa_rust_bot: ================ BLOCK DISCOVERED ================
2026-04-04T13:14:36.869009Z  INFO kaspa_rust_bot: Wallet      : kaspa:qq2avyvncscg5dtsk8u4uwjhlr3799dhaqj8k9y6q5y9hpwfxjy6u00pep7vg
2026-04-04T13:14:36.869078Z  INFO kaspa_rust_bot: Amount      : +3.08677064 KAS
2026-04-04T13:14:36.869154Z  INFO kaspa_rust_bot: Live Balance: 6434.82769997 KAS
2026-04-04T13:14:36.869211Z  INFO kaspa_rust_bot: TXID        : 4ee45ea4514ed09819a61f3a713c0cb146b1b62a842ece19075f105aa60590cf
2026-04-04T13:14:36.869267Z  INFO kaspa_rust_bot: DAA Score   : 398889053
2026-04-04T13:14:36.869339Z  INFO kaspa_rust_bot: ==================================================
2026-04-04T13:14:49.265000Z  INFO kaspa_rust_bot: [API] Starting block data resolution for TXID: 4ee45ea4514ed09819a61f3a713c0cb146b1b62a842ece19075f105aa60590cf
2026-04-04T13:14:49.265257Z  INFO kaspa_rust_bot: [API] Attempt 1/6 for TXID: 4ee45ea4514ed09819a61f3a713c0cb146b1b62a842ece19075f105aa60590cf
2026-04-04T13:14:51.881882Z  INFO kaspa_rust_bot: [API] Successfully resolved blocks on attempt 1
2026-04-04T13:14:51.881984Z  INFO kaspa_rust_bot: --- RESOLVED BLOCK HASHES ---
2026-04-04T13:14:51.882056Z  INFO kaspa_rust_bot: TXID            : 4ee45ea4514ed09819a61f3a713c0cb146b1b62a842ece19075f105aa60590cf
2026-04-04T13:14:51.882117Z  INFO kaspa_rust_bot: Mined Block     : f9aceaea19a31d755758d569e9d3ba2c2f06dd7ac45347f9685f79db93f11432
2026-04-04T13:14:51.882166Z  INFO kaspa_rust_bot: TX Block        : a66df09b1e4a0e3ddad530969b6addee8bc1dbf8bde5946ec53a0f531d8e5866
2026-04-04T13:14:51.882257Z  INFO kaspa_rust_bot: Accepting Block : 01662f2815b2f601692ac40914a6cbc35b43051f1e11b5424f67bc4a6dbcc68c
2026-04-04T13:14:51.882331Z  INFO kaspa_rust_bot: -----------------------------
2026-04-04T13:17:27.695196Z  INFO kaspa_rust_bot: ================ BLOCK DISCOVERED ================
2026-04-04T13:17:27.695303Z  INFO kaspa_rust_bot: Wallet      : kaspa:qq2avyvncscg5dtsk8u4uwjhlr3799dhaqj8k9y6q5y9hpwfxjy6u00pep7vg
2026-04-04T13:17:27.695375Z  INFO kaspa_rust_bot: Amount      : +3.08941744 KAS
2026-04-04T13:17:27.695444Z  INFO kaspa_rust_bot: Live Balance: 6437.91711741 KAS
2026-04-04T13:17:27.695494Z  INFO kaspa_rust_bot: TXID        : 654980822e49c1cf22c6d8358e277948feb5c3d10a981df515799f9ee4de9ea1
2026-04-04T13:17:27.695543Z  INFO kaspa_rust_bot: DAA Score   : 398890731
2026-04-04T13:17:27.695617Z  INFO kaspa_rust_bot: ==================================================
2026-04-04T13:17:40.301745Z  INFO kaspa_rust_bot: [API] Starting block data resolution for TXID: 654980822e49c1cf22c6d8358e277948feb5c3d10a981df515799f9ee4de9ea1
2026-04-04T13:17:40.302005Z  INFO kaspa_rust_bot: [API] Attempt 1/6 for TXID: 654980822e49c1cf22c6d8358e277948feb5c3d10a981df515799f9ee4de9ea1
2026-04-04T13:17:41.002227Z  INFO kaspa_rust_bot: [API] Successfully resolved blocks on attempt 1
2026-04-04T13:17:41.002342Z  INFO kaspa_rust_bot: --- RESOLVED BLOCK HASHES ---
2026-04-04T13:17:41.002415Z  INFO kaspa_rust_bot: TXID            : 654980822e49c1cf22c6d8358e277948feb5c3d10a981df515799f9ee4de9ea1
2026-04-04T13:17:41.002474Z  INFO kaspa_rust_bot: Mined Block     : ea670c7053f72b350f9a40c6e698dc06fcbe883336db121bd2f8f7433eab8b9e
2026-04-04T13:17:41.002525Z  INFO kaspa_rust_bot: TX Block        : c61c2375cdd96a5dc2b170a27c27459e6a56e716cbabaedb8dc27146f4ff1bf1
2026-04-04T13:17:41.002575Z  INFO kaspa_rust_bot: Accepting Block : 6678965d9f2ae17ac1850c2a6586ebb4cc6339dda5e1fe8db54821512375b6d7
2026-04-04T13:17:41.002621Z  INFO kaspa_rust_bot: -----------------------------
2026-04-04T13:26:09.541932Z  INFO kaspa_rust_bot: ================ BLOCK DISCOVERED ================
2026-04-04T13:26:09.542038Z  INFO kaspa_rust_bot: Wallet      : kaspa:qq2avyvncscg5dtsk8u4uwjhlr3799dhaqj8k9y6q5y9hpwfxjy6u00pep7vg
2026-04-04T13:26:09.542107Z  INFO kaspa_rust_bot: Amount      : +3.08986536 KAS
2026-04-04T13:26:09.542156Z  INFO kaspa_rust_bot: Live Balance: 6441.00698277 KAS
2026-04-04T13:26:09.542204Z  INFO kaspa_rust_bot: TXID        : ca68939cb9dd9a36e117e4b174aed798be494cad1fb6f290c4d7a71c72857c42
2026-04-04T13:26:09.542250Z  INFO kaspa_rust_bot: DAA Score   : 398895928
2026-04-04T13:26:09.542314Z  INFO kaspa_rust_bot: ==================================================
2026-04-04T13:26:21.935128Z  INFO kaspa_rust_bot: [API] Starting block data resolution for TXID: ca68939cb9dd9a36e117e4b174aed798be494cad1fb6f290c4d7a71c72857c42
2026-04-04T13:26:21.935264Z  INFO kaspa_rust_bot: [API] Attempt 1/6 for TXID: ca68939cb9dd9a36e117e4b174aed798be494cad1fb6f290c4d7a71c72857c42
2026-04-04T13:26:22.632261Z  INFO kaspa_rust_bot: [API] Successfully resolved blocks on attempt 1
2026-04-04T13:26:22.632372Z  INFO kaspa_rust_bot: --- RESOLVED BLOCK HASHES ---
2026-04-04T13:26:22.632439Z  INFO kaspa_rust_bot: TXID            : ca68939cb9dd9a36e117e4b174aed798be494cad1fb6f290c4d7a71c72857c42
2026-04-04T13:26:22.632485Z  INFO kaspa_rust_bot: Mined Block     : 79f53e989403eff4672d539f1883b1c3b58782264c06ae2c023c16556a4f6376
2026-04-04T13:26:22.632534Z  INFO kaspa_rust_bot: TX Block        : d9891bfbf60e9ebe6919d2e246cae6516ce1a93190bdbdf9525e8d97a150fe97
2026-04-04T13:26:22.632592Z  INFO kaspa_rust_bot: Accepting Block : 7700310582899c3385f74daa55a7b4364ff5088136a6d880e61f3183f990ed9d
2026-04-04T13:26:22.632707Z  INFO kaspa_rust_bot: -----------------------------
2026-04-04T13:31:20.737227Z  INFO kaspa_rust_bot: ================ BLOCK DISCOVERED ================
2026-04-04T13:31:20.737343Z  INFO kaspa_rust_bot: Wallet      : kaspa:qq2avyvncscg5dtsk8u4uwjhlr3799dhaqj8k9y6q5y9hpwfxjy6u00pep7vg
2026-04-04T13:31:20.737396Z  INFO kaspa_rust_bot: Amount      : +3.08994680 KAS
2026-04-04T13:31:20.737452Z  INFO kaspa_rust_bot: Live Balance: 6444.09692957 KAS
2026-04-04T13:31:20.737502Z  INFO kaspa_rust_bot: TXID        : 50eea9772eb8307380932e5fb46eb9d9807e81e2989ab657be57f378f06f468d
2026-04-04T13:31:20.737548Z  INFO kaspa_rust_bot: DAA Score   : 398899113
2026-04-04T13:31:20.737593Z  INFO kaspa_rust_bot: ==================================================
2026-04-04T13:31:33.338795Z  INFO kaspa_rust_bot: [API] Starting block data resolution for TXID: 50eea9772eb8307380932e5fb46eb9d9807e81e2989ab657be57f378f06f468d
2026-04-04T13:31:33.339088Z  INFO kaspa_rust_bot: [API] Attempt 1/6 for TXID: 50eea9772eb8307380932e5fb46eb9d9807e81e2989ab657be57f378f06f468d
2026-04-04T13:32:10.613433Z  INFO kaspa_rust_bot: [API] Successfully resolved blocks on attempt 1
2026-04-04T13:32:10.613562Z  INFO kaspa_rust_bot: --- RESOLVED BLOCK HASHES ---
2026-04-04T13:32:10.613634Z  INFO kaspa_rust_bot: TXID            : 50eea9772eb8307380932e5fb46eb9d9807e81e2989ab657be57f378f06f468d
2026-04-04T13:32:10.613687Z  INFO kaspa_rust_bot: Mined Block     : ae5e2ceea4f62f26845a962999f8b3b70ed2de241d33bccfc8fef87ae4199145
2026-04-04T13:32:10.613741Z  INFO kaspa_rust_bot: TX Block        : e4c615700cf130ff9ebe47de190b3331e310fb6a893472a06c904c7f537d3608
2026-04-04T13:32:10.613790Z  INFO kaspa_rust_bot: Accepting Block : e10e2b420e2047af1c40d14ba7205e084f4ed59f1bb6cae57f7861a0c74ae3ec
2026-04-04T13:32:10.613838Z  INFO kaspa_rust_bot: -----------------------------
2026-04-04T13:34:01.746239Z  INFO kaspa_rust_bot: ================ BLOCK DISCOVERED ================
2026-04-04T13:34:01.746378Z  INFO kaspa_rust_bot: Wallet      : kaspa:qq2avyvncscg5dtsk8u4uwjhlr3799dhaqj8k9y6q5y9hpwfxjy6u00pep7vg
2026-04-04T13:34:01.746453Z  INFO kaspa_rust_bot: Amount      : +3.08697424 KAS
2026-04-04T13:34:01.746553Z  INFO kaspa_rust_bot: Live Balance: 6447.18390381 KAS
2026-04-04T13:34:01.746613Z  INFO kaspa_rust_bot: TXID        : 0791a0d4f58a87d12178463445a60a734d8865e3ae13d56bc03c575799f7fca3
2026-04-04T13:34:01.746662Z  INFO kaspa_rust_bot: DAA Score   : 398900761
2026-04-04T13:34:01.746728Z  INFO kaspa_rust_bot: ==================================================
2026-04-04T13:34:15.295727Z  INFO kaspa_rust_bot: [API] Starting block data resolution for TXID: 0791a0d4f58a87d12178463445a60a734d8865e3ae13d56bc03c575799f7fca3
2026-04-04T13:34:15.295930Z  INFO kaspa_rust_bot: [API] Attempt 1/6 for TXID: 0791a0d4f58a87d12178463445a60a734d8865e3ae13d56bc03c575799f7fca3
2026-04-04T13:34:15.865284Z  INFO kaspa_rust_bot: [API] Successfully resolved blocks on attempt 1
2026-04-04T13:34:15.865417Z  INFO kaspa_rust_bot: --- RESOLVED BLOCK HASHES ---
2026-04-04T13:34:15.865507Z  INFO kaspa_rust_bot: TXID            : 0791a0d4f58a87d12178463445a60a734d8865e3ae13d56bc03c575799f7fca3
2026-04-04T13:34:15.865575Z  INFO kaspa_rust_bot: Mined Block     : 462abb43d39a0d0816c2ededa15f43155df720c66067e0c22098d9d5a697968e
2026-04-04T13:34:15.865662Z  INFO kaspa_rust_bot: TX Block        : e66956b65b834b1e75cdd9b827f5f91bf75084d8d4c1f9a68b221104b94034e8
2026-04-04T13:34:15.865732Z  INFO kaspa_rust_bot: Accepting Block : baaa4ca06bd6e2e03b2d3247753d593b8bec35c511ddf371f575ea13ab5aadcb
2026-04-04T13:34:15.865775Z  INFO kaspa_rust_bot: -----------------------------
2026-04-04T13:34:23.337666Z  INFO kaspa_rust_bot: ================ BLOCK DISCOVERED ================
2026-04-04T13:34:23.337779Z  INFO kaspa_rust_bot: Wallet      : kaspa:qq2avyvncscg5dtsk8u4uwjhlr3799dhaqj8k9y6q5y9hpwfxjy6u00pep7vg
2026-04-04T13:34:23.337855Z  INFO kaspa_rust_bot: Amount      : +3.08677064 KAS
2026-04-04T13:34:23.337918Z  INFO kaspa_rust_bot: Live Balance: 6450.27067445 KAS
2026-04-04T13:34:23.337970Z  INFO kaspa_rust_bot: TXID        : 6fb9fc1fe8bb520f817635dc4c0d37e01b0a9a4592ffa5c0f454fac8b26f659f
2026-04-04T13:34:23.338065Z  INFO kaspa_rust_bot: DAA Score   : 398901028
2026-04-04T13:34:23.338185Z  INFO kaspa_rust_bot: ==================================================
2026-04-04T13:34:35.495950Z  INFO kaspa_rust_bot: [API] Starting block data resolution for TXID: 6fb9fc1fe8bb520f817635dc4c0d37e01b0a9a4592ffa5c0f454fac8b26f659f
2026-04-04T13:34:35.496142Z  INFO kaspa_rust_bot: [API] Attempt 1/6 for TXID: 6fb9fc1fe8bb520f817635dc4c0d37e01b0a9a4592ffa5c0f454fac8b26f659f
2026-04-04T13:34:36.079443Z  INFO kaspa_rust_bot: [API] Successfully resolved blocks on attempt 1
2026-04-04T13:34:36.079561Z  INFO kaspa_rust_bot: --- RESOLVED BLOCK HASHES ---
2026-04-04T13:34:36.079618Z  INFO kaspa_rust_bot: TXID            : 6fb9fc1fe8bb520f817635dc4c0d37e01b0a9a4592ffa5c0f454fac8b26f659f
2026-04-04T13:34:36.079670Z  INFO kaspa_rust_bot: Mined Block     : 54e2bf9bd964a3ffa7d2f9a2fbafbf461ce9114fd486ff5963688835602ee620
2026-04-04T13:34:36.079730Z  INFO kaspa_rust_bot: TX Block        : ec3082c6ac4cbefb1beb0eb677fa92f270267de5f1f1770d86c4b4b51cd34ae2
2026-04-04T13:34:36.079825Z  INFO kaspa_rust_bot: Accepting Block : 2bba9291874a63c81130f940eff03ffcff791ae65b93caac72a93e849323e8a3
2026-04-04T13:34:36.079942Z  INFO kaspa_rust_bot: -----------------------------
2026-04-04T13:37:13.930808Z  INFO kaspa_rust_bot: ================ BLOCK DISCOVERED ================
2026-04-04T13:37:13.930929Z  INFO kaspa_rust_bot: Wallet      : kaspa:qq2avyvncscg5dtsk8u4uwjhlr3799dhaqj8k9y6q5y9hpwfxjy6u00pep7vg
2026-04-04T13:37:13.931066Z  INFO kaspa_rust_bot: Amount      : +3.08677064 KAS
2026-04-04T13:37:13.931237Z  INFO kaspa_rust_bot: Live Balance: 6453.35744509 KAS
2026-04-04T13:37:13.931353Z  INFO kaspa_rust_bot: TXID        : 3d6acae0cc7e32a7b2fd8202174e9e6467b9fe7f3aa4132c9699f19c24d431b6
2026-04-04T13:37:13.931417Z  INFO kaspa_rust_bot: DAA Score   : 398902752
2026-04-04T13:37:13.931479Z  INFO kaspa_rust_bot: ==================================================
2026-04-04T13:37:26.410318Z  INFO kaspa_rust_bot: [API] Starting block data resolution for TXID: 3d6acae0cc7e32a7b2fd8202174e9e6467b9fe7f3aa4132c9699f19c24d431b6
2026-04-04T13:37:26.410538Z  INFO kaspa_rust_bot: [API] Attempt 1/6 for TXID: 3d6acae0cc7e32a7b2fd8202174e9e6467b9fe7f3aa4132c9699f19c24d431b6
2026-04-04T13:37:27.106482Z  INFO kaspa_rust_bot: [API] Successfully resolved blocks on attempt 1
2026-04-04T13:37:27.106610Z  INFO kaspa_rust_bot: --- RESOLVED BLOCK HASHES ---
2026-04-04T13:37:27.106692Z  INFO kaspa_rust_bot: TXID            : 3d6acae0cc7e32a7b2fd8202174e9e6467b9fe7f3aa4132c9699f19c24d431b6
2026-04-04T13:37:27.106760Z  INFO kaspa_rust_bot: Mined Block     : ae722c0931ee8253a3ff926174c7e25873e5a4e8a1f86d29139ca178962bd115
2026-04-04T13:37:27.106816Z  INFO kaspa_rust_bot: TX Block        : be1ca931ca06f75342e6264e1b40987fd10ad801288fc4ef37c1b72ce224ee53
2026-04-04T13:37:27.106872Z  INFO kaspa_rust_bot: Accepting Block : 9a837de32548c3121087bed73adbf4cad868d56c78b2f95e13eb4bdd6a1b4310
2026-04-04T13:37:27.106947Z  INFO kaspa_rust_bot: -----------------------------
2026-04-04T13:37:44.470216Z  INFO kaspa_rust_bot: ================ BLOCK DISCOVERED ================
2026-04-04T13:37:44.470339Z  INFO kaspa_rust_bot: Wallet      : kaspa:qq2avyvncscg5dtsk8u4uwjhlr3799dhaqj8k9y6q5y9hpwfxjy6u00pep7vg
2026-04-04T13:37:44.470408Z  INFO kaspa_rust_bot: Amount      : +3.08677064 KAS
2026-04-04T13:37:44.470477Z  INFO kaspa_rust_bot: Live Balance: 6456.44421573 KAS
2026-04-04T13:37:44.470573Z  INFO kaspa_rust_bot: TXID        : b0a3a60837fec506219f835c4563f426b6c77fe415535d10afaa8695709b842f
2026-04-04T13:37:44.470654Z  INFO kaspa_rust_bot: DAA Score   : 398902997
2026-04-04T13:37:44.470713Z  INFO kaspa_rust_bot: ==================================================
2026-04-04T13:37:56.625789Z  INFO kaspa_rust_bot: [API] Starting block data resolution for TXID: b0a3a60837fec506219f835c4563f426b6c77fe415535d10afaa8695709b842f
2026-04-04T13:37:56.626085Z  INFO kaspa_rust_bot: [API] Attempt 1/6 for TXID: b0a3a60837fec506219f835c4563f426b6c77fe415535d10afaa8695709b842f
2026-04-04T13:37:57.257224Z  INFO kaspa_rust_bot: [API] Successfully resolved blocks on attempt 1
2026-04-04T13:37:57.257346Z  INFO kaspa_rust_bot: --- RESOLVED BLOCK HASHES ---
2026-04-04T13:37:57.257476Z  INFO kaspa_rust_bot: TXID            : b0a3a60837fec506219f835c4563f426b6c77fe415535d10afaa8695709b842f
2026-04-04T13:37:57.257563Z  INFO kaspa_rust_bot: Mined Block     : a8a9fa44711fbbaa11f204dbe002c6faafa7e01a860cbeaed5f839b2d261b89d
2026-04-04T13:37:57.257651Z  INFO kaspa_rust_bot: TX Block        : a80551ffef2aa7741b6ab0584bb384a33d355497af2d550713d18a8e50c36b78
2026-04-04T13:37:57.257728Z  INFO kaspa_rust_bot: Accepting Block : 8d91abc51dcc372875cba3d8f7951037a6d467a1e121abb6678cbd001a74a0f7
2026-04-04T13:37:57.257801Z  INFO kaspa_rust_bot: -----------------------------
2026-04-04T13:38:40.624017Z  INFO teloxide::dispatching::dispatcher: ^C received, trying to shutdown the dispatcher...
2026-04-04T13:38:40.624039Z  INFO kaspa_rust_bot: [SYSTEM] Shutdown signal received. Saving state...
2026-04-04T13:38:40.624121Z  INFO teloxide::utils::shutdown_token: Trying to shutdown the dispatcher...
2026-04-04T13:38:40.624793Z  INFO kaspa_rust_bot::state: [SYSTEM] State saved persistently to wallets.json
2026-04-04T13:38:40.624858Z  INFO kaspa_rust_bot: [SYSTEM] Exiting safely.
2026-04-04T13:45:16.633659Z  INFO kaspa_rust_bot: [INIT] Secure Modular Rust Engine Started - Node02 - Jeddah.
2026-04-04T13:45:16.634234Z  INFO kaspa_rust_bot: [DATA] Wallets loaded: 1
2026-04-04T13:45:34.974324Z  INFO kaspa_rust_bot::commands: [CMD IN] User: 1725327216 | Msg: /start
2026-04-04T13:45:34.974473Z  INFO kaspa_rust_bot::utils: [BOT OUT] Chat: 1725327216 | Msg: 🤖 <b>Kaspa Platinum Command Center</b> | ━━━━━━━━━━━━━━━━━━ | Welcome! This system provides secure, real-time Kaspa wallet monitoring directly via a private node. |  | 📌 <b>Public Commands:</b> | <code>/add &lt;address&gt;</code> - Track a wallet | <code>/remove &lt;address&gt;</code> - Stop tracking | <code>/list</code> - View your portfolio | <code>/balance</code> - Check live balances | <code>/network</code> - Network statistics | <code>/fees</code> - Live mempool fees | <code>/price</code> - Current KAS price | <code>/supply</code> - Circulating supply | <code>/market</code> - Market capitalization | <code>/dag</code> - BlockDAG details |  | 👑 <b>Admin Commands:</b> | <code>/sys</code> - Server Diagnostics | <code>/pause</code> - Disconnect Engine | <code>/resume</code> - Reconnect Engine | <code>/restart</code> - Reboot Process | <code>/broadcast &lt;msg&gt;</code> - Message all users | <code>/logs</code> - View System Logs
2026-04-04T13:46:08.313976Z  INFO kaspa_rust_bot::commands: [CMD IN] User: 1725327216 | Msg: /list
2026-04-04T13:46:08.314113Z  INFO kaspa_rust_bot::utils: [BOT OUT] Chat: 1725327216 | Msg: 📁 <b>Portfolio:</b> | <code>kaspa:qq2avyvncscg5dtsk8u4uwjhlr3799dhaqj8k9y6q5y9hpwfxjy6u00pep7vg</code>
2026-04-04T13:46:10.435043Z  INFO kaspa_rust_bot::commands: [CMD IN] User: 1725327216 | Msg: /balance
2026-04-04T13:46:10.436058Z  INFO kaspa_rust_bot::utils: [BOT OUT] Chat: 1725327216 | Msg: 🏦 <b>Live Balances:</b> | 💳 <code>kaspa:qq2avy...pep7vg</code> | ⚖️ <b>6,456 KAS</b> |  | ━━━━━━━━━━━━━━ | 💵 <b>Total Holdings:</b> <code>6,456 KAS</code>
2026-04-04T13:46:11.702218Z  INFO kaspa_rust_bot::commands: [CMD IN] User: 1725327216 | Msg: /network
2026-04-04T13:46:11.702755Z  INFO kaspa_rust_bot::utils: [BOT OUT] Chat: 1725327216 | Msg: 🌐 <b>Network Stats:</b> | 🧩 <b>Network:</b> <code>mainnet</code> | ⚙️ <b>Difficulty:</b> <code>20,958,673,886,993,696</code> | 📊 <b>DAA Score:</b> <code>398,908,312</code>
2026-04-04T13:46:12.688235Z  INFO kaspa_rust_bot::commands: [CMD IN] User: 1725327216 | Msg: /fees
2026-04-04T13:46:24.348438Z  INFO kaspa_rust_bot::utils: [BOT OUT] Chat: 1725327216 | Msg: ⛽ <b>Fee Estimate:</b> <code>1.00 sompi/gram</code>
2026-04-04T13:46:24.655295Z  INFO kaspa_rust_bot::commands: [CMD IN] User: 1725327216 | Msg: /supply
2026-04-04T13:46:25.148897Z  INFO kaspa_rust_bot::utils: [BOT OUT] Chat: 1725327216 | Msg: 🪙 <b>Supply:</b> <code>27,336,389,825 KAS</code>
2026-04-04T13:46:25.285593Z  INFO kaspa_rust_bot::commands: [CMD IN] User: 1725327216 | Msg: /price
2026-04-04T13:46:25.843339Z  INFO kaspa_rust_bot::utils: [BOT OUT] Chat: 1725327216 | Msg: 💵 <b>Price:</b> <code>$0.0315 USD</code>
2026-04-04T13:46:25.979837Z  INFO kaspa_rust_bot::commands: [CMD IN] User: 1725327216 | Msg: /market
2026-04-04T13:46:26.452446Z  INFO kaspa_rust_bot::utils: [BOT OUT] Chat: 1725327216 | Msg: 📈 <b>Market Cap:</b> <code>$860,624,802 USD</code>
2026-04-04T13:46:26.708413Z  INFO kaspa_rust_bot::commands: [CMD IN] User: 1725327216 | Msg: /dag
2026-04-04T13:46:26.708884Z  INFO kaspa_rust_bot::utils: [BOT OUT] Chat: 1725327216 | Msg: 🧱 <b>BlockDAG Details:</b> | 🧱 <b>Blocks:</b> <code>1,336,615</code> | 📑 <b>Headers:</b> <code>1,336,615</code>
2026-04-04T13:50:32.488674Z  INFO kaspa_rust_bot: --------------------------------------------------
2026-04-04T13:50:32.488810Z  INFO kaspa_rust_bot: [REWARD] Wallet: kaspa:qq2avyvncscg5dtsk8u4uwjhlr3799dhaqj8k9y6q5y9hpwfxjy6u00pep7vg
2026-04-04T13:50:32.488890Z  INFO kaspa_rust_bot: [REWARD] Amount: +3.08677064 KAS
2026-04-04T13:50:32.488951Z  INFO kaspa_rust_bot: [REWARD] TXID  : e14b9f5697f301d086d8c876808e58728b6ab565d18b60a73df079393f388ec8
2026-04-04T13:50:32.489016Z  INFO kaspa_rust_bot: --------------------------------------------------
2026-04-04T13:50:44.913631Z  INFO kaspa_rust_bot: [DEBUG] Resolving hashes for TX: e14b9f5697f301d086d8c876808e58728b6ab565d18b60a73df079393f388ec8 (Attempt 1)
2026-04-04T13:50:45.565844Z  INFO kaspa_rust_bot: [DEBUG] Node returned 9 blue blocks. Starting Smart Match...
2026-04-04T13:50:45.644832Z  WARN kaspa_rust_bot: [MATCH WARNING] Smart Match failed, using fallback.
2026-04-04T13:55:43.747250Z  INFO kaspa_rust_bot: --------------------------------------------------
2026-04-04T13:55:43.747375Z  INFO kaspa_rust_bot: [REWARD] Wallet: kaspa:qq2avyvncscg5dtsk8u4uwjhlr3799dhaqj8k9y6q5y9hpwfxjy6u00pep7vg
2026-04-04T13:55:43.747478Z  INFO kaspa_rust_bot: [REWARD] Amount: +3.08679100 KAS
2026-04-04T13:55:43.747568Z  INFO kaspa_rust_bot: [REWARD] TXID  : 520e6b31b272384d44312466b6bf2baf3e939ae20653b9005a1d71928925097e
2026-04-04T13:55:43.747639Z  INFO kaspa_rust_bot: --------------------------------------------------
2026-04-04T13:55:56.215995Z  INFO kaspa_rust_bot: [DEBUG] Resolving hashes for TX: 520e6b31b272384d44312466b6bf2baf3e939ae20653b9005a1d71928925097e (Attempt 1)
2026-04-04T13:55:56.838194Z  INFO kaspa_rust_bot: [DEBUG] Node returned 11 blue blocks. Starting Smart Match...
2026-04-04T13:55:56.944489Z  WARN kaspa_rust_bot: [MATCH WARNING] Smart Match failed, using fallback.
2026-04-04T13:56:04.266134Z  INFO kaspa_rust_bot: --------------------------------------------------
2026-04-04T13:56:04.266273Z  INFO kaspa_rust_bot: [REWARD] Wallet: kaspa:qq2avyvncscg5dtsk8u4uwjhlr3799dhaqj8k9y6q5y9hpwfxjy6u00pep7vg
2026-04-04T13:56:04.266392Z  INFO kaspa_rust_bot: [REWARD] Amount: +3.08677064 KAS
2026-04-04T13:56:04.266479Z  INFO kaspa_rust_bot: [REWARD] TXID  : ece5f143c3ef20e16945c0589816e03bd57c1c7838a3da25ebd6e536784ba809
2026-04-04T13:56:04.266559Z  INFO kaspa_rust_bot: --------------------------------------------------
2026-04-04T13:56:16.435894Z  INFO kaspa_rust_bot: [DEBUG] Resolving hashes for TX: ece5f143c3ef20e16945c0589816e03bd57c1c7838a3da25ebd6e536784ba809 (Attempt 1)
2026-04-04T13:56:30.210009Z  INFO kaspa_rust_bot: [DEBUG] Node returned 7 blue blocks. Starting Smart Match...
2026-04-04T13:56:30.263386Z  WARN kaspa_rust_bot: [MATCH WARNING] Smart Match failed, using fallback.
2026-04-04T13:57:34.671760Z  INFO kaspa_rust_bot: --------------------------------------------------
2026-04-04T13:57:34.671883Z  INFO kaspa_rust_bot: [REWARD] Wallet: kaspa:qq2avyvncscg5dtsk8u4uwjhlr3799dhaqj8k9y6q5y9hpwfxjy6u00pep7vg
2026-04-04T13:57:34.671962Z  INFO kaspa_rust_bot: [REWARD] Amount: +3.08750360 KAS
2026-04-04T13:57:34.672035Z  INFO kaspa_rust_bot: [REWARD] TXID  : 718116ccbd7895420ed4e11726951d384daa766d75cd002218f0bc9b2fc34815
2026-04-04T13:57:34.672100Z  INFO kaspa_rust_bot: --------------------------------------------------
2026-04-04T13:57:46.865533Z  INFO kaspa_rust_bot: [DEBUG] Resolving hashes for TX: 718116ccbd7895420ed4e11726951d384daa766d75cd002218f0bc9b2fc34815 (Attempt 1)
2026-04-04T13:57:47.673886Z  INFO kaspa_rust_bot: [DEBUG] Node returned 10 blue blocks. Starting Smart Match...
2026-04-04T13:57:47.750174Z  WARN kaspa_rust_bot: [MATCH WARNING] Smart Match failed, using fallback.
2026-04-04T14:00:06.823615Z  INFO teloxide::dispatching::dispatcher: ^C received, trying to shutdown the dispatcher...
2026-04-04T14:00:06.823725Z  INFO teloxide::utils::shutdown_token: Trying to shutdown the dispatcher...
2026-04-04T14:00:07.378308Z  INFO teloxide::utils::shutdown_token: Dispatching has been shut down.
2026-04-04T14:00:07.378316Z  INFO teloxide::dispatching::dispatcher: dispatcher is shutdown...
2026-04-04T14:00:53.443644Z  INFO kaspa_rust_bot: [INIT] Secure Modular Rust Engine Started - Node02 - Jeddah.
2026-04-04T14:00:53.444102Z  INFO kaspa_rust_bot: [DATA] Wallets loaded: 1
2026-04-04T14:01:04.490849Z  INFO kaspa_rust_bot::commands: [CMD IN] User: 1725327216 | Msg: /start
2026-04-04T14:01:04.491017Z  INFO kaspa_rust_bot::utils: [BOT OUT] Chat: 1725327216 | Msg: 🤖 <b>Kaspa Platinum Command Center</b> | ━━━━━━━━━━━━━━━━━━ | Welcome! This system provides secure, real-time Kaspa wallet monitoring directly via a private node. |  | 📌 <b>Public Commands:</b> | <code>/add &lt;address&gt;</code> - Track a wallet | <code>/remove &lt;address&gt;</code> - Stop tracking | <code>/list</code> - View your portfolio | <code>/balance</code> - Check live balances | <code>/network</code> - Network statistics | <code>/fees</code> - Live mempool fees | <code>/price</code> - Current KAS price | <code>/supply</code> - Circulating supply | <code>/market</code> - Market capitalization | <code>/dag</code> - BlockDAG details |  | 👑 <b>Admin Commands:</b> | <code>/sys</code> - Server Diagnostics | <code>/pause</code> - Disconnect Engine | <code>/resume</code> - Reconnect Engine | <code>/restart</code> - Reboot Process | <code>/broadcast &lt;msg&gt;</code> - Message all users | <code>/logs</code> - View System Logs
2026-04-04T14:01:10.025681Z  INFO kaspa_rust_bot::commands: [CMD IN] User: 1725327216 | Msg: /list
2026-04-04T14:01:10.026088Z  INFO kaspa_rust_bot::utils: [BOT OUT] Chat: 1725327216 | Msg: 📁 <b>Portfolio:</b> | <code>kaspa:qq2avyvncscg5dtsk8u4uwjhlr3799dhaqj8k9y6q5y9hpwfxjy6u00pep7vg</code>
2026-04-04T14:01:11.642468Z  INFO kaspa_rust_bot::commands: [CMD IN] User: 1725327216 | Msg: /balance
2026-04-04T14:01:11.643574Z  INFO kaspa_rust_bot::utils: [BOT OUT] Chat: 1725327216 | Msg: 🏦 <b>Live Balances:</b> | 💳 <code>kaspa:qq2avy...pep7vg</code> | ⚖️ <b>6,469 KAS</b> |  | ━━━━━━━━━━━━━━ | 💵 <b>Total Holdings:</b> <code>6,469 KAS</code>
2026-04-04T14:01:12.968271Z  INFO kaspa_rust_bot::commands: [CMD IN] User: 1725327216 | Msg: /network
2026-04-04T14:01:12.968939Z  INFO kaspa_rust_bot::utils: [BOT OUT] Chat: 1725327216 | Msg: 🌐 <b>Network Stats:</b> | 🧩 <b>Network:</b> <code>mainnet</code> | ⚙️ <b>Difficulty:</b> <code>21,056,236,937,271,576</code> | 📊 <b>DAA Score:</b> <code>398,917,330</code>
2026-04-04T14:01:14.157450Z  INFO kaspa_rust_bot::commands: [CMD IN] User: 1725327216 | Msg: /fees
2026-04-04T14:01:14.698518Z  INFO kaspa_rust_bot::utils: [BOT OUT] Chat: 1725327216 | Msg: ⛽ <b>Fee Estimate:</b> <code>1.00 sompi/gram</code>
2026-04-04T14:01:16.200925Z  INFO kaspa_rust_bot::commands: [CMD IN] User: 1725327216 | Msg: /supply
2026-04-04T14:01:40.148093Z  INFO kaspa_rust_bot::utils: [BOT OUT] Chat: 1725327216 | Msg: 🪙 <b>Supply:</b> <code>27,336,420,100 KAS</code>
2026-04-04T14:01:40.269056Z  INFO kaspa_rust_bot::commands: [CMD IN] User: 1725327216 | Msg: /price
2026-04-04T14:01:40.964596Z  INFO kaspa_rust_bot::utils: [BOT OUT] Chat: 1725327216 | Msg: 💵 <b>Price:</b> <code>$0.0317 USD</code>
2026-04-04T14:01:41.096114Z  INFO kaspa_rust_bot::commands: [CMD IN] User: 1725327216 | Msg: /market
2026-04-04T14:01:41.810070Z  INFO kaspa_rust_bot::utils: [BOT OUT] Chat: 1725327216 | Msg: 📈 <b>Market Cap:</b> <code>$865,489,389 USD</code>
2026-04-04T14:01:42.194053Z  INFO kaspa_rust_bot::commands: [CMD IN] User: 1725327216 | Msg: /dag
2026-04-04T14:01:42.194440Z  INFO kaspa_rust_bot::utils: [BOT OUT] Chat: 1725327216 | Msg: 🧱 <b>BlockDAG Details:</b> | 🧱 <b>Blocks:</b> <code>1,345,795</code> | 📑 <b>Headers:</b> <code>1,345,795</code>
2026-04-04T14:01:42.330375Z  INFO kaspa_rust_bot::commands: [CMD IN] User: 1725327216 | Msg: /list
2026-04-04T14:01:42.330522Z  INFO kaspa_rust_bot::utils: [BOT OUT] Chat: 1725327216 | Msg: 📁 <b>Portfolio:</b> | <code>kaspa:qq2avyvncscg5dtsk8u4uwjhlr3799dhaqj8k9y6q5y9hpwfxjy6u00pep7vg</code>
2026-04-04T14:01:42.531333Z  INFO kaspa_rust_bot::commands: [CMD IN] User: 1725327216 | Msg: /sys
2026-04-04T14:01:43.774015Z  INFO kaspa_rust_bot::utils: [BOT OUT] Chat: 1725327216 | Msg: ⚙️ <b>Server Node Diagnostics:</b> | 🧠 <b>RAM Used:</b> <code>23563 MB</code> | 🧠 <b>RAM Total:</b> <code>32085 MB</code> | 👀 <b>Monitor:</b> <code>true</code>
2026-04-04T14:01:43.916290Z  INFO kaspa_rust_bot::commands: [CMD IN] User: 1725327216 | Msg: /logs
2026-04-04T14:01:43.925025Z  INFO kaspa_rust_bot::utils: [BOT OUT] Chat: 1725327216 | Msg: 📜 <b>System Logs:</b> | <pre>2026-04-04T14:01:10.026088Z  INFO kaspa_rust_bot::utils: [BOT OUT] Chat: 1725327216 | Msg: 📁 <b>Portfolio:</b> | <code>kaspa:qq2avyvncscg5dtsk8u4uwjhlr3799dhaqj8k9y6q5y9hpwfxjy6u00pep7vg</code> | 2026-04-04T14:01:11.642468Z  INFO kaspa_rust_bot::commands: [CMD IN] User: 1725327216 | Msg: /balance | 2026-04-04T14:01:11.643574Z  INFO kaspa_rust_bot::utils: [BOT OUT] Chat: 1725327216 | Msg: 🏦 <b>Live Balances:</b> | 💳 <code>kaspa:qq2avy...pep7vg</code> | ⚖️ <b>6,469 KAS</b> |  | ━━━━━━━━━━━━━━ | 💵 <b>Total Holdings:</b> <code>6,469 KAS</code> | 2026-04-04T14:01:12.968271Z  INFO kaspa_rust_bot::commands: [CMD IN] User: 1725327216 | Msg: /network | 2026-04-04T14:01:12.968939Z  INFO kaspa_rust_bot::utils: [BOT OUT] Chat: 1725327216 | Msg: 🌐 <b>Network Stats:</b> | 🧩 <b>Network:</b> <code>mainnet</code> | ⚙️ <b>Difficulty:</b> <code>21,056,236,937,271,576</code> | 📊 <b>DAA Score:</b> <code>398,917,330</code> | 2026-04-04T14:01:14.157450Z  INFO kaspa_rust_bot::commands: [CMD IN] User: 1725327216 | Msg: /fees | 2026-04-04T14:01:14.698518Z  INFO kaspa_rust_bot::utils: [BOT OUT] Chat: 1725327216 | Msg: ⛽ <b>Fee Estimate:</b> <code>1.00 sompi/gram</code> | 2026-04-04T14:01:16.200925Z  INFO kaspa_rust_bot::commands: [CMD IN] User: 1725327216 | Msg: /supply | 2026-04-04T14:01:40.148093Z  INFO kaspa_rust_bot::utils: [BOT OUT] Chat: 1725327216 | Msg: 🪙 <b>Supply:</b> <code>27,336,420,100 KAS</code> | 2026-04-04T14:01:40.269056Z  INFO kaspa_rust_bot::commands: [CMD IN] User: 1725327216 | Msg: /price | 2026-04-04T14:01:40.964596Z  INFO kaspa_rust_bot::utils: [BOT OUT] Chat: 1725327216 | Msg: 💵 <b>Price:</b> <code>$0.0317 USD</code> | 2026-04-04T14:01:41.096114Z  INFO kaspa_rust_bot::commands: [CMD IN] User: 1725327216 | Msg: /market | 2026-04-04T14:01:41.810070Z  INFO kaspa_rust_bot::utils: [BOT OUT] Chat: 1725327216 | Msg: 📈 <b>Market Cap:</b> <code>$865,489,389 USD</code> | 2026-04-04T14:01:42.194053Z  INFO kaspa_rust_bot::commands: [CMD IN] User: 1725327216 | Msg: /dag | 2026-04-04T14:01:42.194440Z  INFO kaspa_rust_bot::utils: [BOT OUT] Chat: 1725327216 | Msg: 🧱 <b>BlockDAG Details:</b> | 🧱 <b>Blocks:</b> <code>1,345,795</code> | 📑 <b>Headers:</b> <code>1,345,795</code> | 2026-04-04T14:01:42.330375Z  INFO kaspa_rust_bot::commands: [CMD IN] User: 1725327216 | Msg: /list | 2026-04-04T14:01:42.330522Z  INFO kaspa_rust_bot::utils: [BOT OUT] Chat: 1725327216 | Msg: 📁 <b>Portfolio:</b> | <code>kaspa:qq2avyvncscg5dtsk8u4uwjhlr3799dhaqj8k9y6q5y9hpwfxjy6u00pep7vg</code> | 2026-04-04T14:01:42.531333Z  INFO kaspa_rust_bot::commands: [CMD IN] User: 1725327216 | Msg: /sys | 2026-04-04T14:01:43.774015Z  INFO kaspa_rust_bot::utils: [BOT OUT] Chat: 1725327216 | Msg: ⚙️ <b>Server Node Diagnostics:</b> | 🧠 <b>RAM Used:</b> <code>23563 MB</code> | 🧠 <b>RAM Total:</b> <code>32085 MB</code> | 👀 <b>Monitor:</b> <code>true</code> | 2026-04-04T14:01:43.916290Z  INFO kaspa_rust_bot::commands: [CMD IN] User: 1725327216 | Msg: /logs</pre>
2026-04-04T14:04:08.969698Z  INFO kaspa_rust_bot: --------------------------------------------------
2026-04-04T14:04:08.969845Z  INFO kaspa_rust_bot: [REWARD] Wallet: kaspa:qq2avyvncscg5dtsk8u4uwjhlr3799dhaqj8k9y6q5y9hpwfxjy6u00pep7vg
2026-04-04T14:04:08.969940Z  INFO kaspa_rust_bot: [REWARD] Amount: +3.08677064 KAS
2026-04-04T14:04:08.970038Z  INFO kaspa_rust_bot: [REWARD] TXID  : de2fc67897130118ff3c0bb4a12045a10096d99e9c6e0ed1bcc33c40ce78cb33
2026-04-04T14:04:08.970167Z  INFO kaspa_rust_bot: --------------------------------------------------
2026-04-04T14:04:21.447768Z  INFO kaspa_rust_bot: [DEBUG] Resolving hashes for TX: de2fc67897130118ff3c0bb4a12045a10096d99e9c6e0ed1bcc33c40ce78cb33 (Attempt 1)
2026-04-04T14:04:22.104906Z  INFO kaspa_rust_bot: [DEBUG] Node returned 7 blue blocks. Starting Smart Match...
2026-04-04T14:04:22.168371Z  WARN kaspa_rust_bot: [MATCH WARNING] Smart Match failed, using fallback.
2026-04-04T14:05:42.019868Z  INFO teloxide::dispatching::dispatcher: ^C received, trying to shutdown the dispatcher...
2026-04-04T14:05:42.020012Z  INFO teloxide::utils::shutdown_token: Trying to shutdown the dispatcher...
2026-04-04T14:05:42.119975Z  INFO teloxide::utils::shutdown_token: Dispatching has been shut down.
2026-04-04T14:05:42.119987Z  INFO teloxide::dispatching::dispatcher: dispatcher is shutdown...
